D:\OPENGL PROJECT\WINOPENGL\DEBUG\WINOPENGL.EXE
D:\OPENGL PROJECT\WINOPENGL\DEBUG\WINOPENGL.ILK
D:\OPENGL PROJECT\WINOPENGL\DEBUG\WINOPENGL.PDB
D:\OpenGl Project\WinOpenGL\WinOpenGL\Debug\cl.command.1.tlog
D:\OpenGl Project\WinOpenGL\WinOpenGL\Debug\CL.read.1.tlog
D:\OpenGl Project\WinOpenGL\WinOpenGL\Debug\CL.write.1.tlog
D:\OpenGl Project\WinOpenGL\WinOpenGL\Debug\link.1128.read.1.tlog
D:\OpenGl Project\WinOpenGL\WinOpenGL\Debug\link.1128.write.1.tlog
D:\OpenGl Project\WinOpenGL\WinOpenGL\Debug\link.1128-cvtres.read.1.tlog
D:\OpenGl Project\WinOpenGL\WinOpenGL\Debug\link.1128-cvtres.write.1.tlog
D:\OpenGl Project\WinOpenGL\WinOpenGL\Debug\link.2416.read.1.tlog
D:\OpenGl Project\WinOpenGL\WinOpenGL\Debug\link.2416.write.1.tlog
D:\OpenGl Project\WinOpenGL\WinOpenGL\Debug\link.2416-cvtres.read.1.tlog
D:\OpenGl Project\WinOpenGL\WinOpenGL\Debug\link.2416-cvtres.write.1.tlog
D:\OpenGl Project\WinOpenGL\WinOpenGL\Debug\link.2648.read.1.tlog
D:\OpenGl Project\WinOpenGL\WinOpenGL\Debug\link.2648.write.1.tlog
D:\OpenGl Project\WinOpenGL\WinOpenGL\Debug\link.2648-cvtres.read.1.tlog
D:\OpenGl Project\WinOpenGL\WinOpenGL\Debug\link.2648-cvtres.write.1.tlog
D:\OpenGl Project\WinOpenGL\WinOpenGL\Debug\link.2988.read.1.tlog
D:\OpenGl Project\WinOpenGL\WinOpenGL\Debug\link.2988.write.1.tlog
D:\OpenGl Project\WinOpenGL\WinOpenGL\Debug\link.2988-cvtres.read.1.tlog
D:\OpenGl Project\WinOpenGL\WinOpenGL\Debug\link.2988-cvtres.write.1.tlog
D:\OpenGl Project\WinOpenGL\WinOpenGL\Debug\link.3496.read.1.tlog
D:\OpenGl Project\WinOpenGL\WinOpenGL\Debug\link.3496.write.1.tlog
D:\OpenGl Project\WinOpenGL\WinOpenGL\Debug\link.3496-cvtres.read.1.tlog
D:\OpenGl Project\WinOpenGL\WinOpenGL\Debug\link.3496-cvtres.write.1.tlog
D:\OpenGl Project\WinOpenGL\WinOpenGL\Debug\link.3512.read.1.tlog
D:\OpenGl Project\WinOpenGL\WinOpenGL\Debug\link.3512.write.1.tlog
D:\OpenGl Project\WinOpenGL\WinOpenGL\Debug\link.3512-cvtres.read.1.tlog
D:\OpenGl Project\WinOpenGL\WinOpenGL\Debug\link.3512-cvtres.write.1.tlog
D:\OpenGl Project\WinOpenGL\WinOpenGL\Debug\link.4192.read.1.tlog
D:\OpenGl Project\WinOpenGL\WinOpenGL\Debug\link.4192.write.1.tlog
D:\OpenGl Project\WinOpenGL\WinOpenGL\Debug\link.4192-cvtres.read.1.tlog
D:\OpenGl Project\WinOpenGL\WinOpenGL\Debug\link.4192-cvtres.write.1.tlog
D:\OpenGl Project\WinOpenGL\WinOpenGL\Debug\link.4904.read.1.tlog
D:\OpenGl Project\WinOpenGL\WinOpenGL\Debug\link.4904.write.1.tlog
D:\OpenGl Project\WinOpenGL\WinOpenGL\Debug\link.4904-cvtres.read.1.tlog
D:\OpenGl Project\WinOpenGL\WinOpenGL\Debug\link.4904-cvtres.write.1.tlog
D:\OpenGl Project\WinOpenGL\WinOpenGL\Debug\link.5124.read.1.tlog
D:\OpenGl Project\WinOpenGL\WinOpenGL\Debug\link.5124.write.1.tlog
D:\OpenGl Project\WinOpenGL\WinOpenGL\Debug\link.5124-cvtres.read.1.tlog
D:\OpenGl Project\WinOpenGL\WinOpenGL\Debug\link.5124-cvtres.write.1.tlog
D:\OpenGl Project\WinOpenGL\WinOpenGL\Debug\link.5232.read.1.tlog
D:\OpenGl Project\WinOpenGL\WinOpenGL\Debug\link.5232.write.1.tlog
D:\OpenGl Project\WinOpenGL\WinOpenGL\Debug\link.5232-cvtres.read.1.tlog
D:\OpenGl Project\WinOpenGL\WinOpenGL\Debug\link.5232-cvtres.write.1.tlog
D:\OpenGl Project\WinOpenGL\WinOpenGL\Debug\link.5256.read.1.tlog
D:\OpenGl Project\WinOpenGL\WinOpenGL\Debug\link.5256.write.1.tlog
D:\OpenGl Project\WinOpenGL\WinOpenGL\Debug\link.5256-cvtres.read.1.tlog
D:\OpenGl Project\WinOpenGL\WinOpenGL\Debug\link.5256-cvtres.write.1.tlog
D:\OpenGl Project\WinOpenGL\WinOpenGL\Debug\link.5344.read.1.tlog
D:\OpenGl Project\WinOpenGL\WinOpenGL\Debug\link.5344.write.1.tlog
D:\OpenGl Project\WinOpenGL\WinOpenGL\Debug\link.5344-cvtres.read.1.tlog
D:\OpenGl Project\WinOpenGL\WinOpenGL\Debug\link.5344-cvtres.write.1.tlog
D:\OpenGl Project\WinOpenGL\WinOpenGL\Debug\link.5716.read.1.tlog
D:\OpenGl Project\WinOpenGL\WinOpenGL\Debug\link.5716.write.1.tlog
D:\OpenGl Project\WinOpenGL\WinOpenGL\Debug\link.5716-cvtres.read.1.tlog
D:\OpenGl Project\WinOpenGL\WinOpenGL\Debug\link.5716-cvtres.write.1.tlog
D:\OpenGl Project\WinOpenGL\WinOpenGL\Debug\link.5812.read.1.tlog
D:\OpenGl Project\WinOpenGL\WinOpenGL\Debug\link.5812.write.1.tlog
D:\OpenGl Project\WinOpenGL\WinOpenGL\Debug\link.5812-cvtres.read.1.tlog
D:\OpenGl Project\WinOpenGL\WinOpenGL\Debug\link.5812-cvtres.write.1.tlog
D:\OpenGl Project\WinOpenGL\WinOpenGL\Debug\link.5844.read.1.tlog
D:\OpenGl Project\WinOpenGL\WinOpenGL\Debug\link.5844.write.1.tlog
D:\OpenGl Project\WinOpenGL\WinOpenGL\Debug\link.5844-cvtres.read.1.tlog
D:\OpenGl Project\WinOpenGL\WinOpenGL\Debug\link.5844-cvtres.write.1.tlog
D:\OpenGl Project\WinOpenGL\WinOpenGL\Debug\link.6076.read.1.tlog
D:\OpenGl Project\WinOpenGL\WinOpenGL\Debug\link.6076.write.1.tlog
D:\OpenGl Project\WinOpenGL\WinOpenGL\Debug\link.6076-cvtres.read.1.tlog
D:\OpenGl Project\WinOpenGL\WinOpenGL\Debug\link.6076-cvtres.write.1.tlog
D:\OpenGl Project\WinOpenGL\WinOpenGL\Debug\link.6088.read.1.tlog
D:\OpenGl Project\WinOpenGL\WinOpenGL\Debug\link.6088.write.1.tlog
D:\OpenGl Project\WinOpenGL\WinOpenGL\Debug\link.6088-cvtres.read.1.tlog
D:\OpenGl Project\WinOpenGL\WinOpenGL\Debug\link.6088-cvtres.write.1.tlog
D:\OpenGl Project\WinOpenGL\WinOpenGL\Debug\link.6096.read.1.tlog
D:\OpenGl Project\WinOpenGL\WinOpenGL\Debug\link.6096.write.1.tlog
D:\OpenGl Project\WinOpenGL\WinOpenGL\Debug\link.6096-cvtres.read.1.tlog
D:\OpenGl Project\WinOpenGL\WinOpenGL\Debug\link.6096-cvtres.write.1.tlog
D:\OpenGl Project\WinOpenGL\WinOpenGL\Debug\link.6224.read.1.tlog
D:\OpenGl Project\WinOpenGL\WinOpenGL\Debug\link.6224.write.1.tlog
D:\OpenGl Project\WinOpenGL\WinOpenGL\Debug\link.6224-cvtres.read.1.tlog
D:\OpenGl Project\WinOpenGL\WinOpenGL\Debug\link.6224-cvtres.write.1.tlog
D:\OpenGl Project\WinOpenGL\WinOpenGL\Debug\link.6656.read.1.tlog
D:\OpenGl Project\WinOpenGL\WinOpenGL\Debug\link.6656.write.1.tlog
D:\OpenGl Project\WinOpenGL\WinOpenGL\Debug\link.6656-cvtres.read.1.tlog
D:\OpenGl Project\WinOpenGL\WinOpenGL\Debug\link.6656-cvtres.write.1.tlog
D:\OpenGl Project\WinOpenGL\WinOpenGL\Debug\link.6876.read.1.tlog
D:\OpenGl Project\WinOpenGL\WinOpenGL\Debug\link.6876.write.1.tlog
D:\OpenGl Project\WinOpenGL\WinOpenGL\Debug\link.6876-cvtres.read.1.tlog
D:\OpenGl Project\WinOpenGL\WinOpenGL\Debug\link.6876-cvtres.write.1.tlog
D:\OpenGl Project\WinOpenGL\WinOpenGL\Debug\link.command.1.tlog
D:\OpenGl Project\WinOpenGL\WinOpenGL\Debug\link.read.1.tlog
D:\OpenGl Project\WinOpenGL\WinOpenGL\Debug\link.write.1.tlog
D:\OpenGl Project\WinOpenGL\WinOpenGL\Debug\link-cvtres.read.1.tlog
D:\OpenGl Project\WinOpenGL\WinOpenGL\Debug\link-cvtres.write.1.tlog
D:\OpenGl Project\WinOpenGL\WinOpenGL\Debug\mt.command.1.tlog
D:\OpenGl Project\WinOpenGL\WinOpenGL\Debug\mt.read.1.tlog
D:\OpenGl Project\WinOpenGL\WinOpenGL\Debug\mt.write.1.tlog
D:\OpenGl Project\WinOpenGL\WinOpenGL\Debug\rc.command.1.tlog
D:\OpenGl Project\WinOpenGL\WinOpenGL\Debug\rc.read.1.tlog
D:\OpenGl Project\WinOpenGL\WinOpenGL\Debug\rc.write.1.tlog
D:\OPENGL PROJECT\WINOPENGL\WINOPENGL\DEBUG\TEST.OBJ
D:\OpenGl Project\WinOpenGL\WinOpenGL\Debug\vc100.idb
D:\OPENGL PROJECT\WINOPENGL\WINOPENGL\DEBUG\VC100.PDB
D:\OPENGL PROJECT\WINOPENGL\WINOPENGL\DEBUG\WINOPENGL.EXE.EMBED.MANIFEST
D:\OPENGL PROJECT\WINOPENGL\WINOPENGL\DEBUG\WINOPENGL.EXE.EMBED.MANIFEST.RES
D:\OPENGL PROJECT\WINOPENGL\WINOPENGL\DEBUG\WINOPENGL.EXE.INTERMEDIATE.MANIFEST
D:\OPENGL PROJECT\WINOPENGL\WINOPENGL\DEBUG\WINOPENGL.OBJ
D:\OpenGl Project\WinOpenGL\WinOpenGL\Debug\WinOpenGL_manifest.rc
